<?xml version="1.0" encoding="UTF-8"?>
<testng-results skipped="0" failed="0" total="1" passed="1">
  <reporter-output>
  </reporter-output>
  <suite name="Default suite" duration-ms="21947" started-at="2016-08-31T09:04:35Z" finished-at="2016-08-31T09:04:57Z">
    <groups>
    </groups>
    <test name="Default test" duration-ms="21947" started-at="2016-08-31T09:04:35Z" finished-at="2016-08-31T09:04:57Z">
      <class name="com.selenium.master.pom">
        <test-method status="PASS" signature="Lexe()[pri:0, instance:com.selenium.master.pom@5081a2e1]" name="Lexe" duration-ms="21896" started-at="2016-08-31T14:34:35Z" finished-at="2016-08-31T14:34:57Z">
          <reporter-output>
          </reporter-output>
        </test-method> <!-- Lexe -->
      </class> <!-- com.selenium.master.pom -->
    </test> <!-- Default test -->
  </suite> <!-- Default suite -->
</testng-results>
